
> local-sm-server@1.0.0 dev
> nodemon src/app.js

[33m[nodemon] 3.1.14[39m
[33m[nodemon] to restart at any time, enter `rs`[39m
[33m[nodemon] watching path(s): *.*[39m
[33m[nodemon] watching extensions: js,mjs,cjs,json[39m
[32m[nodemon] starting `node src/app.js`[39m
✅ MongoDB Connected: ac-wnmaqaq-shard-00-02.ixzl0lp.mongodb.net
🚀 Server running on port 3001
[32m[nodemon] restarting due to changes...[39m
[32m[nodemon] starting `node src/app.js`[39m
[32m[nodemon] restarting due to changes...[39m
[32m[nodemon] starting `node src/app.js`[39m
✅ MongoDB Connected: ac-wnmaqaq-shard-00-01.ixzl0lp.mongodb.net
🚀 Server running on port 3001
[32m[nodemon] restarting due to changes...[39m
[32m[nodemon] starting `node src/app.js`[39m
✅ MongoDB Connected: ac-wnmaqaq-shard-00-01.ixzl0lp.mongodb.net
🚀 Server running on port 3001
[API] GET /api/admin/applications
[API] GET /api/admin/applications
[API] GET /api/admin/applications
[32m[nodemon] restarting due to changes...[39m
[32m[nodemon] starting `node src/app.js`[39m
✅ MongoDB Connected: ac-wnmaqaq-shard-00-01.ixzl0lp.mongodb.net
🚀 Server running on port 3001
[32m[nodemon] restarting due to changes...[39m
[32m[nodemon] starting `node src/app.js`[39m
✅ MongoDB Connected: ac-wnmaqaq-shard-00-02.ixzl0lp.mongodb.net
🚀 Server running on port 3001
[32m[nodemon] restarting due to changes...[39m
[32m[nodemon] starting `node src/app.js`[39m
✅ MongoDB Connected: ac-wnmaqaq-shard-00-01.ixzl0lp.mongodb.net
🚀 Server running on port 3001
[32m[nodemon] restarting due to changes...[39m
[32m[nodemon] starting `node src/app.js`[39m
file:///media/hiren/New%20Volume/Local%20SM%20/Hiring%20website/new-ademployee-panel/backend/src/routes/admin.js:367
    }
    ^

SyntaxError: Missing catch or finally after try
    at compileSourceTextModule (node:internal/modules/esm/utils:318:16)
    at ModuleLoader.moduleStrategy (node:internal/modules/esm/translators:90:18)
    at #translate (node:internal/modules/esm/loader:451:20)
    at afterLoad (node:internal/modules/esm/loader:507:29)
    at ModuleLoader.loadAndTranslate (node:internal/modules/esm/loader:512:12)
    at #getOrCreateModuleJobAfterResolve (node:internal/modules/esm/loader:555:36)
    at afterResolve (node:internal/modules/esm/loader:603:52)
    at ModuleLoader.getOrCreateModuleJob (node:internal/modules/esm/loader:609:12)
    at ModuleJob.syncLink (node:internal/modules/esm/module_job:162:33)
    at ModuleJob.link (node:internal/modules/esm/module_job:252:17)

Node.js v24.15.0
[31m[nodemon] app crashed - waiting for file changes before starting...[39m
[32m[nodemon] restarting due to changes...[39m
[32m[nodemon] starting `node src/app.js`[39m
✅ MongoDB Connected: ac-wnmaqaq-shard-00-02.ixzl0lp.mongodb.net
🚀 Server running on port 3001
[API] GET /api/admin/applications
[API] GET /api/admin/applications
[API] GET /api/admin/applications
[API] GET /api/admin/applications
[API] GET /api/admin/applications
[API] GET /api/admin/applications
[API] GET /api/admin/applications
[API] GET /api/admin/applications
[API] GET /api/admin/applications
[API] GET /api/admin/applications
[32m[nodemon] restarting due to changes...[39m
[32m[nodemon] starting `node src/app.js`[39m
✅ MongoDB Connected: ac-wnmaqaq-shard-00-01.ixzl0lp.mongodb.net
🚀 Server running on port 3001
[32m[nodemon] restarting due to changes...[39m
[32m[nodemon] starting `node src/app.js`[39m
✅ MongoDB Connected: ac-wnmaqaq-shard-00-02.ixzl0lp.mongodb.net
🚀 Server running on port 3001
[32m[nodemon] restarting due to changes...[39m
[32m[nodemon] starting `node src/app.js`[39m
✅ MongoDB Connected: ac-wnmaqaq-shard-00-00.ixzl0lp.mongodb.net
🚀 Server running on port 3001
[API] GET /api/admin/jobs
[API] GET /api/admin/jobs
[API] GET /api/admin/jobs
[API] GET /api/admin/jobs
[API] GET /api/admin/jobs
[API] GET /api/admin/jobs
[API] GET /api/admin/jobs
[API] GET /api/admin/jobs
[API] GET /api/admin/jobs
[API] GET /api/admin/jobs
[API] GET /api/admin/jobs
[API] GET /api/admin/jobs
[API] GET /api/admin/jobs
[API] GET /api/admin/jobs
[API] GET /api/admin/jobs
[API] GET /api/admin/jobs
[API] GET /api/admin/jobs
[API] GET /api/admin/jobs
[API] GET /api/admin/jobs
[API] GET /api/admin/jobs
[API] GET /api/admin/jobs
[API] GET /api/admin/jobs
[API] GET /api/admin/jobs
[API] GET /api/admin/jobs
[API] GET /api/admin/jobs
[API] GET /api/admin/jobs
[API] GET /api/admin/jobs
[API] GET /api/admin/jobs
[API] GET /api/admin/jobs
[API] GET /api/admin/jobs
[API] GET /api/admin/jobs
[API] GET /api/admin/jobs
[API] GET /api/admin/jobs
[API] GET /api/admin/jobs
[API] GET /api/admin/jobs
[API] GET /api/admin/jobs
[API] GET /api/admin/jobs
[API] GET /api/admin/jobs
[API] GET /api/admin/jobs
[API] GET /api/admin/jobs
[API] GET /api/admin/jobs
[API] GET /api/admin/jobs
[API] GET /api/admin/jobs
[API] GET /api/admin/jobs
[API] GET /api/admin/jobs
[API] GET /api/admin/jobs
[API] GET /api/admin/jobs
[API] GET /api/admin/jobs
[API] GET /api/admin/jobs
[API] GET /api/admin/jobs
[API] GET /api/admin/jobs
[API] GET /api/admin/jobs
[API] GET /api/admin/jobs
[API] GET /api/admin/jobs
[API] GET /api/admin/jobs
[API] GET /api/admin/jobs
[API] GET /api/admin/jobs
[API] GET /api/admin/jobs
[API] GET /api/admin/jobs
[API] GET /api/admin/jobs
[API] GET /api/admin/jobs
[API] GET /api/admin/jobs
[API] GET /api/admin/jobs
[API] GET /api/admin/jobs
[API] GET /api/admin/jobs
[API] GET /api/admin/jobs
[API] GET /api/admin/jobs
[API] GET /api/admin/jobs
[API] GET /api/admin/jobs
[API] GET /api/admin/jobs
[API] GET /api/admin/jobs
[API] GET /api/admin/jobs
[API] GET /api/admin/jobs
[API] GET /api/admin/jobs
[API] GET /api/admin/jobs
[API] GET /api/admin/jobs
[API] GET /api/admin/jobs
[API] GET /api/admin/jobs
[API] GET /api/admin/jobs
[API] GET /api/admin/jobs
[API] GET /api/admin/jobs
[API] GET /api/admin/jobs
[API] GET /api/admin/jobs
[API] GET /api/admin/jobs
[API] GET /api/admin/jobs
[API] GET /api/admin/jobs
[API] GET /api/admin/jobs
[32m[nodemon] restarting due to changes...[39m
[32m[nodemon] starting `node src/app.js`[39m
✅ MongoDB Connected: ac-wnmaqaq-shard-00-02.ixzl0lp.mongodb.net
🚀 Server running on port 3001
[API] GET /api/admin/jobs
[API] GET /api/admin/jobs
[API] GET /api/admin/jobs
[API] GET /api/admin/jobs
[API] GET /api/admin/jobs
[API] GET /api/admin/jobs
[API] GET /api/admin/jobs
[API] GET /api/admin/jobs
[API] GET /api/admin/jobs
[API] GET /api/admin/jobs
[API] GET /api/admin/jobs
[API] GET /api/admin/jobs
[API] GET /api/admin/jobs
[API] GET /api/admin/jobs
[API] GET /api/admin/jobs
[API] GET /api/admin/jobs
[API] GET /api/admin/jobs
[API] GET /api/admin/jobs
[API] GET /api/admin/jobs
[API] GET /api/admin/jobs
[API] GET /api/admin/jobs
[32m[nodemon] restarting due to changes...[39m
[32m[nodemon] starting `node src/app.js`[39m
✅ MongoDB Connected: ac-wnmaqaq-shard-00-02.ixzl0lp.mongodb.net
🚀 Server running on port 3001
[32m[nodemon] restarting due to changes...[39m
[32m[nodemon] starting `node src/app.js`[39m
✅ MongoDB Connected: ac-wnmaqaq-shard-00-02.ixzl0lp.mongodb.net
🚀 Server running on port 3001
[32m[nodemon] restarting due to changes...[39m
[32m[nodemon] starting `node src/app.js`[39m
✅ MongoDB Connected: ac-wnmaqaq-shard-00-01.ixzl0lp.mongodb.net
🚀 Server running on port 3001
/Local SM /Hiring website/new-ademployee-panel/backend/node_modules/mongoose/lib/query.js:5060:12)
    at Query._castConditions (/media/hiren/New Volume/Local SM /Hiring website/new-ademployee-panel/backend/node_modules/mongoose/lib/query.js:2374:10)
    at model.Query._findOne (/media/hiren/New Volume/Local SM /Hiring website/new-ademployee-panel/backend/node_modules/mongoose/lib/query.js:2697:8)
    at model.Query.exec (/media/hiren/New Volume/Local SM /Hiring website/new-ademployee-panel/backend/node_modules/mongoose/lib/query.js:4627:80)
    at process.processTicksAndRejections (node:internal/process/task_queues:104:5)
    at async file:///media/hiren/New%20Volume/Local%20SM%20/Hiring%20website/new-ademployee-panel/backend/src/routes/admin.js:355:21 {
  stringValue: '"cmpml3hvl0000fsdpcl1lr35h"',
  messageFormat: undefined,
  kind: 'ObjectId',
  value: 'cmpml3hvl0000fsdpcl1lr35h',
  path: '_id',
  reason: BSONError: input must be a 24 character hex string, 12 byte Uint8Array, or an integer
      at new ObjectId (/media/hiren/New Volume/Local SM /Hiring website/new-ademployee-panel/backend/node_modules/bson/lib/bson.cjs:2538:23)
      at castObjectId (/media/hiren/New Volume/Local SM /Hiring website/new-ademployee-panel/backend/node_modules/mongoose/lib/cast/objectid.js:25:12)
      at SchemaObjectId.cast (/media/hiren/New Volume/Local SM /Hiring website/new-ademployee-panel/backend/node_modules/mongoose/lib/schema/objectId.js:251:12)
      at SchemaType.applySetters (/media/hiren/New Volume/Local SM /Hiring website/new-ademployee-panel/backend/node_modules/mongoose/lib/schemaType.js:1288:12)
      at SchemaType.castForQuery (/media/hiren/New Volume/Local SM /Hiring website/new-ademployee-panel/backend/node_modules/mongoose/lib/schemaType.js:1718:17)
      at cast (/media/hiren/New Volume/Local SM /Hiring website/new-ademployee-panel/backend/node_modules/mongoose/lib/cast.js:390:32)
      at Query.cast (/media/hiren/New Volume/Local SM /Hiring website/new-ademployee-panel/backend/node_modules/mongoose/lib/query.js:5060:12)
      at Query._castConditions (/media/hiren/New Volume/Local SM /Hiring website/new-ademployee-panel/backend/node_modules/mongoose/lib/query.js:2374:10)
      at model.Query._findOne (/media/hiren/New Volume/Local SM /Hiring website/new-ademployee-panel/backend/node_modules/mongoose/lib/query.js:2697:8)
      at model.Query.exec (/media/hiren/New Volume/Local SM /Hiring website/new-ademployee-panel/backend/node_modules/mongoose/lib/query.js:4627:80),
  valueType: 'string'
}
[API] GET /api/admin/applications
[API] GET /api/admin/applications
[API] GET /api/admin/applications
[API] PATCH /api/admin/applications/6a46d0142fb4b600e3a97511
Error updating application: CastError: Cast to ObjectId failed for value "cmpml3hvl0000fsdpcl1lr35h" (type string) at path "_id" for model "Job"
    at SchemaObjectId.cast (/media/hiren/New Volume/Local SM /Hiring website/new-ademployee-panel/backend/node_modules/mongoose/lib/schema/objectId.js:253:11)
    at SchemaType.applySetters (/media/hiren/New Volume/Local SM /Hiring website/new-ademployee-panel/backend/node_modules/mongoose/lib/schemaType.js:1288:12)
    at SchemaType.castForQuery (/media/hiren/New Volume/Local SM /Hiring website/new-ademployee-panel/backend/node_modules/mongoose/lib/schemaType.js:1718:17)
    at cast (/media/hiren/New Volume/Local SM /Hiring website/new-ademployee-panel/backend/node_modules/mongoose/lib/cast.js:390:32)
    at Query.cast (/media/hiren/New Volume/Local SM /Hiring website/new-ademployee-panel/backend/node_modules/mongoose/lib/query.js:5060:12)
    at Query._castConditions (/media/hiren/New Volume/Local SM /Hiring website/new-ademployee-panel/backend/node_modules/mongoose/lib/query.js:2374:10)
    at model.Query._findOne (/media/hiren/New Volume/Local SM /Hiring website/new-ademployee-panel/backend/node_modules/mongoose/lib/query.js:2697:8)
    at model.Query.exec (/media/hiren/New Volume/Local SM /Hiring website/new-ademployee-panel/backend/node_modules/mongoose/lib/query.js:4627:80)
    at process.processTicksAndRejections (node:internal/process/task_queues:104:5)
    at async file:///media/hiren/New%20Volume/Local%20SM%20/Hiring%20website/new-ademployee-panel/backend/src/routes/admin.js:355:21 {
  stringValue: '"cmpml3hvl0000fsdpcl1lr35h"',
  messageFormat: undefined,
  kind: 'ObjectId',
  value: 'cmpml3hvl0000fsdpcl1lr35h',
  path: '_id',
  reason: BSONError: input must be a 24 character hex string, 12 byte Uint8Array, or an integer
      at new ObjectId (/media/hiren/New Volume/Local SM /Hiring website/new-ademployee-panel/backend/node_modules/bson/lib/bson.cjs:2538:23)
      at castObjectId (/media/hiren/New Volume/Local SM /Hiring website/new-ademployee-panel/backend/node_modules/mongoose/lib/cast/objectid.js:25:12)
      at SchemaObjectId.cast (/media/hiren/New Volume/Local SM /Hiring website/new-ademployee-panel/backend/node_modules/mongoose/lib/schema/objectId.js:251:12)
      at SchemaType.applySetters (/media/hiren/New Volume/Local SM /Hiring website/new-ademployee-panel/backend/node_modules/mongoose/lib/schemaType.js:1288:12)
      at SchemaType.castForQuery (/media/hiren/New Volume/Local SM /Hiring website/new-ademployee-panel/backend/node_modules/mongoose/lib/schemaType.js:1718:17)
      at cast (/media/hiren/New Volume/Local SM /Hiring website/new-ademployee-panel/backend/node_modules/mongoose/lib/cast.js:390:32)
      at Query.cast (/media/hiren/New Volume/Local SM /Hiring website/new-ademployee-panel/backend/node_modules/mongoose/lib/query.js:5060:12)
      at Query._castConditions (/media/hiren/New Volume/Local SM /Hiring website/new-ademployee-panel/backend/node_modules/mongoose/lib/query.js:2374:10)
      at model.Query._findOne (/media/hiren/New Volume/Local SM /Hiring website/new-ademployee-panel/backend/node_modules/mongoose/lib/query.js:2697:8)
      at model.Query.exec (/media/hiren/New Volume/Local SM /Hiring website/new-ademployee-panel/backend/node_modules/mongoose/lib/query.js:4627:80),
  valueType: 'string'
}
[API] GET /api/admin/applications
[API] GET /api/admin/applications
[API] GET /api/admin/applications
[API] GET /api/admin/applications
[API] PATCH /api/admin/applications/6a46d0132fb4b600e3a974ff
[API] GET /api/admin/applications
[API] GET /api/admin/applications
[API] PATCH /api/admin/applications/6a46d0132fb4b600e3a974ff
Error updating application: CastError: Cast to ObjectId failed for value "cmpml3hvl0000fsdpcl1lr35h" (type string) at path "_id" for model "Job"
    at SchemaObjectId.cast (/media/hiren/New Volume/Local SM /Hiring website/new-ademployee-panel/backend/node_modules/mongoose/lib/schema/objectId.js:253:11)
    at SchemaType.applySetters (/media/hiren/New Volume/Local SM /Hiring website/new-ademployee-panel/backend/node_modules/mongoose/lib/schemaType.js:1288:12)
    at SchemaType.castForQuery (/media/hiren/New Volume/Local SM /Hiring website/new-ademployee-panel/backend/node_modules/mongoose/lib/schemaType.js:1718:17)
    at cast (/media/hiren/New Volume/Local SM /Hiring website/new-ademployee-panel/backend/node_modules/mongoose/lib/cast.js:390:32)
    at Query.cast (/media/hiren/New Volume/Local SM /Hiring website/new-ademployee-panel/backend/node_modules/mongoose/lib/query.js:5060:12)
    at Query._castConditions (/media/hiren/New Volume/Local SM /Hiring website/new-ademployee-panel/backend/node_modules/mongoose/lib/query.js:2374:10)
    at model.Query._findOne (/media/hiren/New Volume/Local SM /Hiring website/new-ademployee-panel/backend/node_modules/mongoose/lib/query.js:2697:8)
    at model.Query.exec (/media/hiren/New Volume/Local SM /Hiring website/new-ademployee-panel/backend/node_modules/mongoose/lib/query.js:4627:80)
    at process.processTicksAndRejections (node:internal/process/task_queues:104:5)
    at async file:///media/hiren/New%20Volume/Local%20SM%20/Hiring%20website/new-ademployee-panel/backend/src/routes/admin.js:355:21 {
  stringValue: '"cmpml3hvl0000fsdpcl1lr35h"',
  messageFormat: undefined,
  kind: 'ObjectId',
  value: 'cmpml3hvl0000fsdpcl1lr35h',
  path: '_id',
  reason: BSONError: input must be a 24 character hex string, 12 byte Uint8Array, or an integer
      at new ObjectId (/media/hiren/New Volume/Local SM /Hiring website/new-ademployee-panel/backend/node_modules/bson/lib/bson.cjs:2538:23)
      at castObjectId (/media/hiren/New Volume/Local SM /Hiring website/new-ademployee-panel/backend/node_modules/mongoose/lib/cast/objectid.js:25:12)
      at SchemaObjectId.cast (/media/hiren/New Volume/Local SM /Hiring website/new-ademployee-panel/backend/node_modules/mongoose/lib/schema/objectId.js:251:12)
      at SchemaType.applySetters (/media/hiren/New Volume/Local SM /Hiring website/new-ademployee-panel/backend/node_modules/mongoose/lib/schemaType.js:1288:12)
      at SchemaType.castForQuery (/media/hiren/New Volume/Local SM /Hiring website/new-ademployee-panel/backend/node_modules/mongoose/lib/schemaType.js:1718:17)
      at cast (/media/hiren/New Volume/Local SM /Hiring website/new-ademployee-panel/backend/node_modules/mongoose/lib/cast.js:390:32)
      at Query.cast (/media/hiren/New Volume/Local SM /Hiring website/new-ademployee-panel/backend/node_modules/mongoose/lib/query.js:5060:12)
      at Query._castConditions (/media/hiren/New Volume/Local SM /Hiring website/new-ademployee-panel/backend/node_modules/mongoose/lib/query.js:2374:10)
      at model.Query._findOne (/media/hiren/New Volume/Local SM /Hiring website/new-ademployee-panel/backend/node_modules/mongoose/lib/query.js:2697:8)
      at model.Query.exec (/media/hiren/New Volume/Local SM /Hiring website/new-ademployee-panel/backend/node_modules/mongoose/lib/query.js:4627:80),
  valueType: 'string'
}
[API] GET /api/admin/applications
[API] GET /api/admin/applications
[API] GET /api/admin/applications
[API] PATCH /api/admin/applications/6a46d0132fb4b600e3a974ff
[API] GET /api/admin/applications
[API] PATCH /api/admin/applications/6a46d0132fb4b600e3a974ff
[API] GET /api/admin/applications
[API] GET /api/admin/applications
[API] PATCH /api/admin/applications/6a46d0132fb4b600e3a974ff
Error updating application: CastError: Cast to ObjectId failed for value "cmpml3hvl0000fsdpcl1lr35h" (type string) at path "_id" for model "Job"
    at SchemaObjectId.cast (/media/hiren/New Volume/Local SM /Hiring website/new-ademployee-panel/backend/node_modules/mongoose/lib/schema/objectId.js:253:11)
    at SchemaType.applySetters (/media/hiren/New Volume/Local SM /Hiring website/new-ademployee-panel/backend/node_modules/mongoose/lib/schemaType.js:1288:12)
    at SchemaType.castForQuery (/media/hiren/New Volume/Local SM /Hiring website/new-ademployee-panel/backend/node_modules/mongoose/lib/schemaType.js:1718:17)
    at cast (/media/hiren/New Volume/Local SM /Hiring website/new-ademployee-panel/backend/node_modules/mongoose/lib/cast.js:390:32)
    at Query.cast (/media/hiren/New Volume/Local SM /Hiring website/new-ademployee-panel/backend/node_modules/mongoose/lib/query.js:5060:12)
    at Query._castConditions (/media/hiren/New Volume/Local SM /Hiring website/new-ademployee-panel/backend/node_modules/mongoose/lib/query.js:2374:10)
    at model.Query._findOne (/media/hiren/New Volume/Local SM /Hiring website/new-ademployee-panel/backend/node_modules/mongoose/lib/query.js:2697:8)
    at model.Query.exec (/media/hiren/New Volume/Local SM /Hiring website/new-ademployee-panel/backend/node_modules/mongoose/lib/query.js:4627:80)
    at process.processTicksAndRejections (node:internal/process/task_queues:104:5)
    at async file:///media/hiren/New%20Volume/Local%20SM%20/Hiring%20website/new-ademployee-panel/backend/src/routes/admin.js:355:21 {
  stringValue: '"cmpml3hvl0000fsdpcl1lr35h"',
  messageFormat: undefined,
  kind: 'ObjectId',
  value: 'cmpml3hvl0000fsdpcl1lr35h',
  path: '_id',
  reason: BSONError: input must be a 24 character hex string, 12 byte Uint8Array, or an integer
      at new ObjectId (/media/hiren/New Volume/Local SM /Hiring website/new-ademployee-panel/backend/node_modules/bson/lib/bson.cjs:2538:23)
      at castObjectId (/media/hiren/New Volume/Local SM /Hiring website/new-ademployee-panel/backend/node_modules/mongoose/lib/cast/objectid.js:25:12)
      at SchemaObjectId.cast (/media/hiren/New Volume/Local SM /Hiring website/new-ademployee-panel/backend/node_modules/mongoose/lib/schema/objectId.js:251:12)
      at SchemaType.applySetters (/media/hiren/New Volume/Local SM /Hiring website/new-ademployee-panel/backend/node_modules/mongoose/lib/schemaType.js:1288:12)
      at SchemaType.castForQuery (/media/hiren/New Volume/Local SM /Hiring website/new-ademployee-panel/backend/node_modules/mongoose/lib/schemaType.js:1718:17)
      at cast (/media/hiren/New Volume/Local SM /Hiring website/new-ademployee-panel/backend/node_modules/mongoose/lib/cast.js:390:32)
      at Query.cast (/media/hiren/New Volume/Local SM /Hiring website/new-ademployee-panel/backend/node_modules/mongoose/lib/query.js:5060:12)
      at Query._castConditions (/media/hiren/New Volume/Local SM /Hiring website/new-ademployee-panel/backend/node_modules/mongoose/lib/query.js:2374:10)
      at model.Query._findOne (/media/hiren/New Volume/Local SM /Hiring website/new-ademployee-panel/backend/node_modules/mongoose/lib/query.js:2697:8)
      at model.Query.exec (/media/hiren/New Volume/Local SM /Hiring website/new-ademployee-panel/backend/node_modules/mongoose/lib/query.js:4627:80),
  valueType: 'string'
}
[API] GET /api/admin/applications
[API] GET /api/admin/applications
[API] PATCH /api/admin/applications/6a46d0132fb4b600e3a974ff
[API] GET /api/admin/applications
[API] GET /api/admin/applications
[API] PATCH /api/admin/applications/6a46d0132fb4b600e3a974ff
[API] GET /api/admin/applications
[API] PATCH /api/admin/applications/6a46d0132fb4b600e3a974ff
Error updating application: CastError: Cast to ObjectId failed for value "cmpml3hvl0000fsdpcl1lr35h" (type string) at path "_id" for model "Job"
    at SchemaObjectId.cast (/media/hiren/New Volume/Local SM /Hiring website/new-ademployee-panel/backend/node_modules/mongoose/lib/schema/objectId.js:253:11)
    at SchemaType.applySetters (/media/hiren/New Volume/Local SM /Hiring website/new-ademployee-panel/backend/node_modules/mongoose/lib/schemaType.js:1288:12)
    at SchemaType.castForQuery (/media/hiren/New Volume/Local SM /Hiring website/new-ademployee-panel/backend/node_modules/mongoose/lib/schemaType.js:1718:17)
    at cast (/media/hiren/New Volume/Local SM /Hiring website/new-ademployee-panel/backend/node_modules/mongoose/lib/cast.js:390:32)
    at Query.cast (/media/hiren/New Volume/Local SM /Hiring website/new-ademployee-panel/backend/node_modules/mongoose/lib/query.js:5060:12)
    at Query._castConditions (/media/hiren/New Volume/Local SM /Hiring website/new-ademployee-panel/backend/node_modules/mongoose/lib/query.js:2374:10)
    at model.Query._findOne (/media/hiren/New Volume/Local SM /Hiring website/new-ademployee-panel/backend/node_modules/mongoose/lib/query.js:2697:8)
    at model.Query.exec (/media/hiren/New Volume/Local SM /Hiring website/new-ademployee-panel/backend/node_modules/mongoose/lib/query.js:4627:80)
    at process.processTicksAndRejections (node:internal/process/task_queues:104:5)
    at async file:///media/hiren/New%20Volume/Local%20SM%20/Hiring%20website/new-ademployee-panel/backend/src/routes/admin.js:355:21 {
  stringValue: '"cmpml3hvl0000fsdpcl1lr35h"',
  messageFormat: undefined,
  kind: 'ObjectId',
  value: 'cmpml3hvl0000fsdpcl1lr35h',
  path: '_id',
  reason: BSONError: input must be a 24 character hex string, 12 byte Uint8Array, or an integer
      at new ObjectId (/media/hiren/New Volume/Local SM /Hiring website/new-ademployee-panel/backend/node_modules/bson/lib/bson.cjs:2538:23)
      at castObjectId (/media/hiren/New Volume/Local SM /Hiring website/new-ademployee-panel/backend/node_modules/mongoose/lib/cast/objectid.js:25:12)
      at SchemaObjectId.cast (/media/hiren/New Volume/Local SM /Hiring website/new-ademployee-panel/backend/node_modules/mongoose/lib/schema/objectId.js:251:12)
      at SchemaType.applySetters (/media/hiren/New Volume/Local SM /Hiring website/new-ademployee-panel/backend/node_modules/mongoose/lib/schemaType.js:1288:12)
      at SchemaType.castForQuery (/media/hiren/New Volume/Local SM /Hiring website/new-ademployee-panel/backend/node_modules/mongoose/lib/schemaType.js:1718:17)
      at cast (/media/hiren/New Volume/Local SM /Hiring website/new-ademployee-panel/backend/node_modules/mongoose/lib/cast.js:390:32)
      at Query.cast (/media/hiren/New Volume/Local SM /Hiring website/new-ademployee-panel/backend/node_modules/mongoose/lib/query.js:5060:12)
      at Query._castConditions (/media/hiren/New Volume/Local SM /Hiring website/new-ademployee-panel/backend/node_modules/mongoose/lib/query.js:2374:10)
      at model.Query._findOne (/media/hiren/New Volume/Local SM /Hiring website/new-ademployee-panel/backend/node_modules/mongoose/lib/query.js:2697:8)
      at model.Query.exec (/media/hiren/New Volume/Local SM /Hiring website/new-ademployee-panel/backend/node_modules/mongoose/lib/query.js:4627:80),
  valueType: 'string'
}
[API] GET /api/admin/applications
[API] GET /api/admin/applications
[API] GET /api/admin/applications
[API] PATCH /api/admin/applications/6a46d0132fb4b600e3a974ff
[API] GET /api/admin/applications
[API] PATCH /api/admin/applications/6a46d0132fb4b600e3a974ff
[API] GET /api/admin/applications
[API] GET /api/admin/applications
[API] GET /api/admin/applications
[API] GET /api/admin/applications
[API] GET /api/admin/applications
[API] GET /api/admin/applications
[API] GET /api/admin/applications
[API] GET /api/admin/applications
[API] GET /api/admin/applications
[API] GET /api/admin/applications
[API] GET /api/admin/applications
[API] GET /api/admin/applications
[API] GET /api/admin/applications
[API] GET /api/admin/applications
[API] GET /api/admin/applications
[API] GET /api/admin/applications
[API] GET /api/admin/applications
[API] GET /api/admin/applications
[API] GET /api/admin/applications
[API] GET /api/admin/applications
[API] GET /api/admin/applications
[API] GET /api/admin/applications
[API] GET /api/admin/applications
[32m[nodemon] restarting due to changes...[39m
[32m[nodemon] starting `node src/app.js`[39m
✅ MongoDB Connected: ac-wnmaqaq-shard-00-00.ixzl0lp.mongodb.net
🚀 Server running on port 3001
[32m[nodemon] restarting due to changes...[39m
[32m[nodemon] starting `node src/app.js`[39m
✅ MongoDB Connected: ac-wnmaqaq-shard-00-02.ixzl0lp.mongodb.net
🚀 Server running on port 3001
[32m[nodemon] restarting due to changes...[39m
[32m[nodemon] starting `node src/app.js`[39m
✅ MongoDB Connected: ac-wnmaqaq-shard-00-01.ixzl0lp.mongodb.net
🚀 Server running on port 3001
[32m[nodemon] restarting due to changes...[39m
[32m[nodemon] starting `node src/app.js`[39m
file:///media/hiren/New%20Volume/Local%20SM%20/Hiring%20website/new-ademployee-panel/backend/src/routes/admin.js:367
    }
    ^

SyntaxError: Missing catch or finally after try
    at compileSourceTextModule (node:internal/modules/esm/utils:318:16)
    at ModuleLoader.moduleStrategy (node:internal/modules/esm/translators:90:18)
    at #translate (node:internal/modules/esm/loader:451:20)
    at afterLoad (node:internal/modules/esm/loader:507:29)
    at ModuleLoader.loadAndTranslate (node:internal/modules/esm/loader:512:12)
    at #getOrCreateModuleJobAfterResolve (node:internal/modules/esm/loader:555:36)
    at afterResolve (node:internal/modules/esm/loader:603:52)
    at ModuleLoader.getOrCreateModuleJob (node:internal/modules/esm/loader:609:12)
    at ModuleJob.syncLink (node:internal/modules/esm/module_job:162:33)
    at ModuleJob.link (node:internal/modules/esm/module_job:252:17)

Node.js v24.15.0
[31m[nodemon] app crashed - waiting for file changes before starting...[39m
[32m[nodemon] restarting due to changes...[39m
[32m[nodemon] starting `node src/app.js`[39m
✅ MongoDB Connected: ac-wnmaqaq-shard-00-00.ixzl0lp.mongodb.net
🚀 Server running on port 3001
[32m[nodemon] restarting due to changes...[39m
[32m[nodemon] starting `node src/app.js`[39m
✅ MongoDB Connected: ac-wnmaqaq-shard-00-01.ixzl0lp.mongodb.net
🚀 Server running on port 3001
[API] GET /api/admin/applications
[API] GET /api/admin/applications
[API] GET /api/admin/applications
[API] GET /api/admin/applications
[API] GET /api/admin/applications
[API] GET /api/admin/applications
[API] GET /api/admin/applications
[API] GET /api/admin/applications
[API] GET /api/admin/applications
[API] GET /api/admin/applications
[API] GET /api/admin/applications
[API] GET /api/admin/applications
[API] GET /api/admin/applications
[API] GET /api/admin/applications
[API] GET /api/admin/applications
[API] GET /api/admin/applications
[API] GET /api/admin/applications
[API] GET /api/admin/applications
[API] GET /api/admin/applications
[API] GET /api/admin/applications
[API] GET /api/admin/applications
[API] GET /api/admin/applications
[API] GET /api/admin/applications
[API] GET /api/admin/applications
[API] GET /api/admin/applications
[API] GET /api/admin/applications
[API] GET /api/admin/applications
[API] GET /api/admin/applications
[API] GET /api/admin/applications
[API] GET /api/admin/applications
[API] GET /api/admin/applications
[API] GET /api/admin/applications
[API] GET /api/admin/applications
[API] GET /api/admin/applications
[API] GET /api/admin/applications
[API] GET /api/admin/applications
[API] GET /api/admin/applications
[API] GET /api/admin/applications
[API] GET /api/admin/applications
[API] GET /api/admin/applications
[API] GET /api/admin/applications
[API] GET /api/admin/applications
[API] GET /api/admin/applications
[API] GET /api/admin/applications
[API] GET /api/admin/applications
[API] GET /api/admin/applications
[API] GET /api/admin/applications
[API] GET /api/admin/applications
[API] GET /api/admin/applications
[API] GET /api/admin/applications
[API] GET /api/admin/applications
[API] GET /api/admin/applications
[API] GET /api/admin/applications
[API] GET /api/admin/applications
[API] GET /api/admin/applications
[API] GET /api/admin/applications
[API] GET /api/admin/applications
[API] GET /api/admin/applications
[API] GET /api/admin/applications
[API] GET /api/admin/applications
[API] GET /api/admin/applications
[API] GET /api/admin/applications
[API] GET /api/admin/applications
[API] GET /api/admin/jobs
[API] GET /api/admin/jobs
[API] GET /api/admin/jobs
[API] GET /api/admin/applications
[API] GET /api/admin/jobs
[API] GET /api/admin/applications
[API] GET /api/admin/jobs
[API] GET /api/admin/applications
[API] GET /api/admin/jobs
[API] GET /api/admin/applications
[API] GET /api/admin/applications
[API] GET /api/admin/applications
[API] GET /api/admin/jobs
[API] GET /api/admin/jobs
[API] GET /api/admin/jobs
[API] GET /api/admin/jobs
[API] GET /api/admin/jobs
[API] GET /api/admin/jobs
[API] GET /api/admin/jobs
[API] GET /api/admin/jobs
[API] GET /api/admin/jobs
[API] GET /api/admin/jobs
[API] GET /api/admin/jobs
[API] GET /api/admin/jobs
[API] GET /api/admin/jobs
[API] GET /api/admin/jobs
[API] GET /api/admin/jobs
[API] GET /api/admin/jobs
[API] GET /api/admin/jobs
[API] GET /api/admin/jobs
[API] GET /api/admin/jobs
[API] GET /api/admin/jobs
[API] GET /api/admin/jobs
[API] GET /api/admin/jobs
[API] GET /api/admin/jobs
[API] GET /api/admin/jobs
[API] GET /api/admin/jobs
[API] GET /api/admin/jobs
[API] GET /api/admin/jobs
[API] GET /api/admin/jobs
[API] GET /api/admin/jobs
[API] GET /api/admin/jobs
[API] GET /api/admin/jobs
[API] GET /api/admin/jobs
[API] GET /api/admin/jobs
[API] GET /api/admin/jobs
[API] GET /api/admin/jobs
[API] GET /api/admin/jobs
[API] GET /api/admin/jobs
[API] GET /api/admin/jobs
[API] GET /api/admin/jobs
[API] GET /api/admin/jobs
[API] GET /api/admin/jobs
[API] GET /api/admin/jobs
[API] GET /api/admin/jobs
[API] GET /api/admin/jobs
[API] GET /api/admin/jobs
[API] GET /api/admin/jobs
[API] GET /api/admin/jobs
[API] GET /api/admin/jobs
[API] GET /api/admin/jobs
[API] GET /api/admin/jobs
[API] GET /api/admin/jobs
[API] GET /api/admin/jobs
[API] GET /api/admin/jobs
[API] GET /api/admin/jobs
[API] GET /api/admin/jobs
[API] GET /api/admin/jobs
[API] GET /api/admin/jobs
[API] GET /api/admin/jobs
[API] GET /api/admin/jobs
[API] GET /api/admin/jobs
[API] GET /api/admin/jobs
[API] GET /api/admin/jobs
[API] GET /api/admin/jobs
[API] GET /api/admin/jobs
[API] GET /api/admin/jobs
[API] GET /api/admin/jobs
[API] GET /api/admin/jobs
[API] GET /api/admin/jobs
[API] GET /api/admin/jobs
[API] GET /api/admin/jobs
[API] GET /api/admin/jobs
[API] GET /api/admin/jobs
[API] GET /api/admin/jobs
[API] GET /api/admin/jobs
[API] GET /api/admin/jobs
[API] GET /api/admin/jobs
[API] GET /api/admin/jobs
[API] GET /api/admin/jobs
[API] GET /api/admin/jobs
[API] GET /api/admin/jobs
[API] GET /api/admin/jobs
[API] GET /api/admin/jobs
[API] GET /api/admin/jobs
[API] GET /api/admin/jobs
[API] GET /api/admin/jobs
[API] GET /api/admin/jobs
[API] GET /api/admin/jobs
[API] GET /api/admin/jobs
[API] GET /api/admin/jobs
[API] GET /api/admin/jobs
[API] GET /api/admin/jobs
[API] GET /api/admin/jobs
[API] GET /api/admin/jobs
[API] GET /api/admin/jobs
[API] GET /api/admin/jobs
[API] GET /api/admin/jobs
[API] GET /api/admin/jobs
[API] GET /api/admin/jobs
[API] GET /api/admin/jobs
[API] GET /api/admin/jobs
[API] GET /api/admin/jobs
[API] GET /api/admin/jobs
[API] GET /api/admin/jobs
[API] GET /api/admin/jobs
[API] GET /api/admin/jobs
[API] GET /api/admin/jobs
[API] GET /api/admin/jobs
[API] GET /api/admin/jobs
[API] GET /api/admin/jobs
[API] GET /api/admin/jobs
[API] GET /api/admin/jobs
[API] GET /api/admin/jobs
[API] GET /api/admin/jobs
[API] GET /api/admin/jobs
[API] GET /api/admin/jobs
[API] GET /api/admin/jobs
[API] GET /api/admin/jobs
[API] GET /api/admin/jobs
[API] GET /api/admin/jobs
[API] GET /api/admin/jobs
[API] GET /api/admin/jobs
[API] GET /api/admin/jobs
[API] GET /api/admin/jobs
[API] GET /api/admin/jobs
[API] GET /api/admin/jobs
[API] GET /api/admin/jobs
[API] GET /api/admin/jobs
[API] GET /api/admin/jobs
[API] GET /api/admin/jobs
[API] GET /api/admin/jobs
[API] GET /api/admin/jobs
[API] GET /api/admin/jobs
[API] GET /api/admin/jobs
[API] GET /api/admin/jobs
[API] GET /api/admin/jobs
[API] GET /api/admin/jobs
[API] GET /api/admin/jobs
[API] GET /api/admin/jobs
[API] GET /api/admin/jobs
[API] GET /api/admin/jobs
[API] GET /api/admin/jobs
[API] GET /api/admin/jobs
[API] GET /api/admin/jobs
[API] GET /api/admin/jobs
[API] GET /api/admin/jobs
[API] GET /api/admin/jobs
[API] GET /api/admin/jobs
[API] GET /api/admin/jobs
[API] GET /api/admin/jobs
[API] GET /api/admin/jobs
[API] GET /api/admin/jobs
[API] GET /api/admin/jobs
[API] GET /api/admin/jobs
[API] GET /api/admin/jobs
[API] GET /api/admin/jobs
[API] GET /api/admin/jobs
[API] GET /api/admin/jobs
[API] GET /api/admin/jobs
[API] GET /api/admin/jobs
[API] GET /api/admin/jobs
[API] GET /api/admin/jobs
[API] GET /api/admin/jobs
[API] GET /api/admin/jobs
[API] GET /api/admin/jobs
[API] GET /api/admin/jobs
[API] GET /api/admin/jobs
[API] GET /api/admin/jobs
[API] GET /api/admin/jobs
[API] GET /api/admin/jobs
[API] GET /api/admin/jobs
[API] GET /api/admin/jobs
[API] GET /api/admin/jobs
[API] GET /api/admin/jobs
[API] GET /api/admin/jobs
[API] GET /api/admin/jobs
[API] GET /api/admin/jobs
[API] GET /api/admin/jobs
[API] GET /api/admin/jobs
[API] GET /api/admin/jobs
[API] GET /api/admin/jobs
[API] GET /api/admin/jobs
[API] GET /api/admin/jobs
[API] GET /api/admin/jobs
[API] GET /api/admin/jobs
[API] GET /api/admin/jobs
[API] GET /api/admin/jobs
[API] GET /api/admin/jobs
[API] GET /api/admin/jobs
[API] GET /api/admin/jobs
[API] GET /api/admin/jobs
[API] GET /api/admin/jobs
[API] GET /api/admin/jobs
[API] GET /api/admin/jobs
[API] GET /api/admin/jobs
[API] GET /api/admin/jobs
[API] GET /api/admin/jobs
[API] GET /api/admin/jobs
[API] GET /api/admin/jobs
[API] GET /api/admin/jobs
[API] GET /api/admin/jobs
[API] GET /api/admin/jobs
[API] GET /api/admin/jobs
[API] GET /api/admin/jobs
[API] GET /api/admin/jobs
[API] GET /api/admin/jobs
[API] GET /api/admin/jobs
[API] GET /api/admin/jobs
[API] GET /api/admin/jobs
[API] GET /api/admin/jobs
[API] GET /api/admin/jobs
[API] GET /api/admin/jobs
[API] GET /api/admin/jobs
[API] GET /api/admin/jobs
[API] GET /api/admin/jobs
[API] GET /api/admin/jobs
[API] GET /api/admin/jobs
[API] GET /api/admin/jobs
[API] GET /api/admin/jobs
[API] GET /api/admin/jobs
[API] GET /api/admin/jobs
[API] GET /api/admin/jobs
[API] GET /api/admin/jobs
[API] GET /api/admin/jobs
[API] GET /api/admin/jobs
[API] GET /api/admin/jobs
[API] GET /api/admin/jobs
[API] GET /api/admin/jobs
[API] GET /api/admin/jobs
[API] GET /api/admin/jobs
[API] GET /api/admin/jobs
[API] GET /api/admin/jobs
[API] GET /api/admin/jobs
[API] GET /api/admin/jobs
[API] GET /api/admin/jobs
[API] GET /api/admin/jobs
[API] GET /api/admin/jobs
[API] GET /api/admin/jobs
[API] GET /api/admin/jobs
[API] GET /api/admin/jobs
[API] GET /api/admin/jobs
[API] GET /api/admin/jobs
[API] GET /api/admin/jobs
[API] GET /api/admin/jobs
[API] GET /api/admin/jobs
[API] GET /api/admin/jobs
[API] GET /api/admin/jobs
[API] GET /api/admin/jobs
[API] GET /api/admin/jobs
[API] GET /api/admin/jobs
[API] GET /api/admin/jobs
[API] GET /api/admin/jobs
[API] GET /api/admin/jobs
[API] GET /api/admin/jobs
[API] GET /api/admin/jobs
[API] GET /api/admin/jobs
[API] GET /api/admin/jobs
[API] GET /api/admin/jobs
[API] GET /api/admin/jobs
[API] GET /api/admin/jobs
[API] GET /api/admin/jobs
[API] GET /api/admin/jobs
[API] GET /api/admin/jobs
[API] GET /api/admin/jobs
[API] GET /api/admin/jobs
[API] GET /api/admin/jobs
[API] GET /api/admin/jobs
[API] GET /api/admin/jobs
[API] GET /api/admin/jobs
[API] GET /api/admin/jobs
[API] GET /api/admin/jobs
[API] GET /api/admin/jobs
[API] GET /api/admin/jobs
[API] GET /api/admin/jobs
[API] GET /api/admin/jobs
[API] GET /api/admin/jobs
[API] GET /api/admin/jobs
[API] GET /api/admin/jobs
[API] GET /api/admin/jobs
[API] GET /api/admin/jobs
[API] GET /api/admin/jobs
[API] GET /api/admin/jobs
[API] GET /api/admin/jobs
[API] GET /api/admin/jobs
[API] GET /api/admin/jobs
[API] GET /api/admin/jobs
[API] GET /api/admin/jobs
[API] GET /api/admin/jobs
[API] GET /api/admin/jobs
[API] GET /api/admin/jobs
[API] GET /api/admin/jobs
[API] GET /api/admin/jobs
[API] GET /api/admin/jobs
[API] GET /api/admin/jobs
[API] GET /api/admin/jobs
[API] GET /api/admin/jobs
[API] GET /api/admin/jobs
[API] GET /api/admin/jobs
[API] GET /api/admin/jobs
[API] GET /api/admin/jobs
[API] GET /api/admin/jobs
[API] GET /api/admin/jobs
[API] GET /api/admin/jobs
[API] GET /api/admin/jobs
[API] GET /api/admin/jobs
[API] GET /api/admin/jobs
[API] GET /api/admin/jobs
[API] GET /api/admin/jobs
[API] GET /api/admin/jobs
[API] GET /api/admin/jobs
[API] GET /api/admin/jobs
[API] GET /api/admin/jobs
[API] GET /api/admin/jobs
[API] GET /api/admin/jobs
[API] GET /api/admin/jobs
[API] GET /api/admin/jobs
[API] GET /api/admin/jobs
[API] GET /api/admin/jobs
[API] GET /api/admin/jobs
[API] GET /api/admin/jobs
[API] GET /api/admin/jobs
[API] GET /api/admin/jobs
[API] GET /api/admin/jobs
[API] GET /api/admin/jobs
[API] GET /api/admin/jobs
[API] GET /api/admin/jobs
[API] GET /api/admin/jobs
[API] GET /api/admin/jobs
[API] GET /api/admin/jobs
[API] GET /api/admin/jobs
[API] GET /api/admin/jobs
[API] GET /api/admin/jobs
[API] GET /api/admin/jobs
[API] GET /api/admin/jobs
[API] GET /api/admin/jobs
[API] GET /api/admin/jobs
[API] GET /api/admin/jobs
[API] GET /api/admin/jobs
[API] GET /api/admin/jobs
[API] GET /api/admin/jobs
[API] GET /api/admin/jobs
[API] GET /api/admin/jobs
[API] GET /api/admin/jobs
[API] GET /api/admin/jobs
[API] GET /api/admin/jobs
[API] GET /api/admin/jobs
[API] GET /api/admin/jobs
[API] GET /api/admin/jobs
[API] GET /api/admin/jobs
[API] GET /api/admin/jobs
[API] GET /api/admin/jobs
[API] GET /api/admin/jobs
[API] GET /api/admin/jobs
[API] GET /api/admin/jobs
[API] GET /api/admin/jobs
[API] GET /api/admin/jobs
[API] GET /api/admin/jobs
[API] GET /api/admin/jobs
[API] GET /api/admin/jobs
[API] GET /api/admin/jobs
[API] GET /api/admin/jobs
[API] GET /api/admin/jobs
[API] GET /api/admin/jobs
[API] GET /api/admin/jobs
[API] GET /api/admin/jobs
[API] GET /api/admin/jobs
[API] GET /api/admin/jobs
[API] GET /api/admin/jobs
[API] GET /api/admin/jobs
[API] GET /api/admin/jobs
[API] GET /api/admin/jobs
[API] GET /api/admin/jobs
[API] GET /api/admin/jobs
[API] GET /api/admin/jobs
[API] GET /api/admin/jobs
[API] GET /api/admin/jobs
[API] GET /api/admin/jobs
[API] GET /api/admin/jobs
[API] GET /api/admin/jobs
[API] GET /api/admin/jobs
[API] GET /api/admin/jobs
[API] GET /api/admin/jobs
[API] GET /api/admin/jobs
[API] GET /api/admin/jobs
[API] GET /api/admin/jobs
[API] GET /api/admin/jobs
[API] GET /api/admin/jobs
[API] GET /api/admin/jobs
[API] GET /api/admin/jobs
[API] GET /api/admin/jobs
[API] GET /api/admin/jobs
[API] GET /api/admin/jobs
[API] GET /api/admin/jobs
[API] GET /api/admin/jobs
[API] GET /api/admin/jobs
[API] GET /api/admin/jobs
[API] GET /api/admin/jobs
[API] GET /api/admin/jobs
[API] GET /api/admin/jobs
[API] GET /api/admin/jobs
[API] GET /api/admin/jobs
[API] GET /api/admin/jobs
[API] GET /api/admin/jobs
[API] GET /api/admin/jobs
[API] GET /api/admin/jobs
[API] GET /api/admin/jobs
[API] GET /api/admin/jobs
[API] GET /api/admin/jobs
[API] GET /api/admin/jobs
[API] GET /api/admin/jobs
[API] GET /api/admin/jobs
[API] GET /api/admin/jobs
[API] GET /api/admin/jobs
[API] GET /api/admin/jobs
[API] GET /api/admin/jobs
[API] GET /api/admin/jobs
[API] GET /api/admin/jobs
[API] GET /api/admin/jobs
[API] GET /api/admin/jobs
[API] GET /api/admin/jobs
[API] GET /api/admin/jobs
[API] GET /api/admin/jobs
[API] GET /api/admin/jobs
[API] GET /api/admin/jobs
[API] GET /api/admin/jobs
[API] GET /api/admin/jobs
[API] GET /api/admin/jobs
[API] GET /api/admin/jobs
[API] GET /api/admin/jobs
[API] GET /api/admin/jobs
[API] GET /api/admin/jobs
[API] GET /api/admin/jobs
[API] GET /api/admin/jobs
[API] GET /api/admin/jobs
[API] GET /api/admin/jobs
[API] GET /api/admin/jobs
[API] GET /api/admin/jobs
[API] GET /api/admin/jobs
[API] GET /api/admin/jobs
[API] GET /api/admin/jobs
[API] GET /api/admin/jobs
[API] GET /api/admin/jobs
[API] GET /api/admin/jobs
[API] GET /api/admin/jobs
[API] GET /api/admin/jobs
[API] GET /api/admin/jobs
[API] GET /api/admin/jobs
[API] GET /api/admin/jobs
[API] GET /api/admin/jobs
[API] GET /api/admin/jobs
[API] GET /api/admin/jobs
[API] GET /api/admin/jobs
[API] GET /api/admin/jobs
[API] GET /api/admin/jobs
[API] GET /api/admin/jobs
[API] GET /api/admin/jobs
[API] GET /api/admin/jobs
[API] GET /api/admin/jobs
[API] GET /api/admin/jobs
[API] GET /api/admin/jobs
[API] GET /api/admin/jobs
[API] GET /api/admin/jobs
[API] GET /api/admin/jobs
[API] GET /api/admin/jobs
[API] GET /api/admin/jobs
[API] GET /api/admin/jobs
[API] GET /api/admin/jobs
[API] GET /api/admin/jobs
[API] GET /api/admin/jobs
[API] GET /api/admin/jobs
[API] GET /api/admin/jobs
[API] GET /api/admin/jobs
[API] GET /api/admin/jobs
[API] GET /api/admin/jobs
[API] GET /api/admin/jobs
[API] GET /api/admin/jobs
[API] GET /api/admin/jobs
[API] GET /api/admin/jobs
[API] GET /api/admin/jobs
[API] GET /api/admin/jobs
[API] GET /api/admin/jobs
[API] GET /api/admin/jobs
[API] GET /api/admin/jobs
[API] GET /api/admin/jobs
[API] GET /api/admin/jobs
[API] GET /api/admin/jobs
[API] GET /api/admin/jobs
[API] GET /api/admin/jobs
[API] GET /api/admin/jobs
[API] GET /api/admin/jobs
[API] GET /api/admin/jobs
[API] GET /api/admin/jobs
[API] GET /api/admin/jobs
[API] GET /api/admin/jobs
[API] GET /api/admin/jobs
[API] GET /api/admin/jobs
[API] GET /api/admin/jobs
[API] GET /api/admin/jobs
[API] GET /api/admin/jobs
[API] GET /api/admin/jobs
[API] GET /api/admin/jobs
[API] GET /api/admin/jobs
[API] GET /api/admin/jobs
[API] GET /api/admin/jobs
[API] GET /api/admin/jobs
[API] GET /api/admin/jobs
[API] GET /api/admin/jobs
[API] GET /api/admin/jobs
[API] GET /api/admin/jobs
[API] GET /api/admin/jobs
[API] GET /api/admin/jobs
[API] GET /api/admin/jobs
[API] GET /api/admin/jobs
[API] GET /api/admin/jobs
[API] GET /api/admin/jobs
[API] GET /api/admin/jobs
[API] GET /api/admin/jobs
[API] GET /api/admin/jobs
[API] GET /api/admin/jobs
[API] GET /api/admin/jobs
[API] GET /api/admin/jobs
[API] GET /api/admin/jobs
[API] GET /api/admin/jobs
[API] GET /api/admin/jobs
[API] GET /api/admin/jobs
[API] GET /api/admin/jobs
[API] GET /api/admin/jobs
[API] GET /api/admin/jobs
[API] GET /api/admin/jobs
[API] GET /api/admin/jobs
[API] GET /api/admin/jobs
[API] GET /api/admin/jobs
[API] GET /api/admin/jobs
[API] GET /api/admin/jobs
[API] GET /api/admin/jobs
[API] GET /api/admin/jobs
[API] GET /api/admin/jobs
[API] GET /api/admin/jobs
[API] GET /api/admin/jobs
[API] GET /api/admin/jobs
[API] GET /api/admin/jobs
[API] GET /api/admin/jobs
[API] GET /api/admin/jobs
[API] GET /api/admin/jobs
[API] GET /api/admin/jobs
[API] GET /api/admin/jobs
[API] GET /api/admin/jobs
[API] GET /api/admin/jobs
[API] GET /api/admin/jobs
[API] GET /api/admin/jobs
[API] GET /api/admin/jobs
[API] GET /api/admin/jobs
[API] GET /api/admin/jobs
[API] GET /api/admin/jobs
[API] GET /api/admin/jobs
[API] GET /api/admin/jobs
[API] GET /api/admin/jobs
[API] GET /api/admin/jobs
[API] GET /api/admin/jobs
[API] GET /api/admin/jobs
[API] GET /api/admin/jobs
[API] GET /api/admin/jobs
[API] GET /api/admin/jobs
[API] GET /api/admin/jobs
[API] GET /api/admin/jobs
[API] GET /api/admin/jobs
[32m[nodemon] restarting due to changes...[39m
[32m[nodemon] starting `node src/app.js`[39m
✅ MongoDB Connected: ac-wnmaqaq-shard-00-02.ixzl0lp.mongodb.net
🚀 Server running on port 3001
[API] GET /api/admin/jobs
[API] GET /api/admin/jobs
[API] GET /api/admin/jobs
[API] GET /api/admin/jobs
[API] GET /api/admin/jobs
[API] GET /api/admin/jobs
[API] GET /api/admin/jobs
[API] GET /api/admin/jobs
[API] GET /api/admin/jobs
[API] GET /api/admin/jobs
[API] GET /api/admin/jobs
[API] GET /api/admin/jobs
[API] GET /api/admin/jobs
[API] GET /api/admin/jobs
[API] GET /api/admin/jobs
[API] GET /api/admin/jobs
[API] GET /api/admin/jobs
[API] GET /api/admin/jobs
[API] GET /api/admin/jobs
[API] GET /api/admin/jobs
[API] GET /api/admin/jobs
[API] GET /api/admin/jobs
[API] GET /api/admin/jobs
[API] GET /api/admin/jobs
[API] GET /api/admin/jobs
[API] GET /api/admin/jobs
[API] GET /api/admin/jobs
[API] GET /api/admin/jobs
[API] GET /api/admin/jobs
[API] GET /api/admin/jobs
[API] GET /api/admin/jobs
[API] GET /api/admin/jobs
[API] GET /api/admin/jobs
[API] GET /api/admin/jobs
[API] GET /api/admin/jobs
[API] GET /api/admin/jobs
[API] GET /api/admin/jobs
[API] GET /api/admin/jobs
[API] GET /api/admin/jobs
[API] GET /api/admin/jobs
[API] GET /api/admin/jobs
[API] GET /api/admin/jobs
[API] GET /api/admin/jobs
[API] GET /api/admin/jobs
[API] GET /api/admin/jobs
[API] GET /api/admin/jobs
[API] GET /api/admin/jobs
[API] GET /api/admin/jobs
[API] GET /api/admin/jobs
[API] GET /api/admin/jobs
[API] GET /api/admin/jobs
[API] GET /api/admin/jobs
[API] GET /api/admin/jobs
[API] GET /api/admin/jobs
[API] GET /api/admin/jobs
[API] GET /api/admin/jobs
[API] GET /api/admin/jobs
[API] GET /api/admin/jobs
[API] GET /api/admin/jobs
[API] GET /api/admin/jobs
[API] GET /api/admin/jobs
[API] GET /api/admin/jobs
[API] GET /api/admin/jobs
[API] GET /api/admin/jobs
[API] GET /api/admin/jobs
[API] GET /api/admin/jobs
[API] GET /api/admin/jobs
[API] GET /api/admin/jobs
[API] GET /api/admin/jobs
[API] GET /api/admin/jobs
[API] GET /api/admin/jobs
[API] GET /api/admin/jobs
[API] GET /api/admin/jobs
[API] GET /api/admin/jobs
[API] GET /api/admin/jobs
[API] GET /api/admin/jobs
[API] GET /api/admin/jobs
[API] GET /api/admin/jobs
[API] GET /api/admin/jobs
[API] GET /api/admin/jobs
[API] GET /api/admin/jobs
[API] GET /api/admin/jobs
[API] GET /api/admin/jobs
[API] GET /api/admin/jobs
[API] GET /api/admin/jobs
[API] GET /api/admin/jobs
[API] GET /api/admin/jobs
[API] GET /api/admin/jobs
[API] GET /api/admin/jobs
[API] GET /api/admin/jobs
[API] GET /api/admin/jobs
[API] GET /api/admin/jobs
[API] GET /api/admin/jobs
[API] GET /api/admin/jobs
[API] GET /api/admin/jobs
[API] GET /api/admin/jobs
[API] GET /api/admin/jobs
[API] GET /api/admin/jobs
[API] GET /api/admin/jobs
[API] GET /api/admin/jobs
[API] GET /api/admin/jobs
[API] GET /api/admin/jobs
[API] GET /api/admin/jobs
[API] GET /api/admin/jobs
[API] GET /api/admin/jobs
[API] GET /api/admin/jobs
[API] GET /api/admin/jobs
[API] GET /api/admin/jobs
[API] GET /api/admin/jobs
[API] GET /api/admin/jobs
[API] GET /api/admin/jobs
[API] GET /api/admin/jobs
[API] GET /api/admin/jobs
[API] GET /api/admin/jobs
[API] GET /api/admin/jobs
[API] GET /api/admin/jobs
[API] GET /api/admin/jobs
[API] GET /api/admin/jobs
[API] GET /api/admin/jobs
[API] GET /api/admin/jobs
[API] GET /api/admin/jobs
[API] GET /api/admin/jobs
[API] GET /api/admin/jobs
[API] GET /api/admin/jobs
[API] GET /api/admin/jobs
[API] GET /api/admin/jobs
[API] GET /api/admin/jobs
[API] GET /api/admin/jobs
[API] GET /api/admin/jobs
[API] GET /api/admin/jobs
[API] GET /api/admin/jobs
[API] GET /api/admin/jobs
[API] GET /api/admin/jobs
[API] GET /api/admin/jobs
[API] GET /api/admin/jobs
[API] GET /api/admin/jobs
[API] GET /api/admin/jobs
[API] GET /api/admin/jobs
[API] GET /api/admin/jobs
[API] GET /api/admin/jobs
[API] GET /api/admin/jobs
[API] GET /api/admin/jobs
[API] GET /api/admin/jobs
[API] GET /api/admin/jobs
[API] GET /api/admin/jobs
[32m[nodemon] restarting due to changes...[39m
[32m[nodemon] starting `node src/app.js`[39m
✅ MongoDB Connected: ac-wnmaqaq-shard-00-00.ixzl0lp.mongodb.net
🚀 Server running on port 3001
[32m[nodemon] restarting due to changes...[39m
[32m[nodemon] starting `node src/app.js`[39m
✅ MongoDB Connected: ac-wnmaqaq-shard-00-00.ixzl0lp.mongodb.net
🚀 Server running on port 3001
[32m[nodemon] restarting due to changes...[39m
[32m[nodemon] starting `node src/app.js`[39m
✅ MongoDB Connected: ac-wnmaqaq-shard-00-00.ixzl0lp.mongodb.net
🚀 Server running on port 3001
[API] GET /api/admin/jobs
[API] GET /api/admin/jobs
[API] GET /api/admin/jobs
[32m[nodemon] restarting due to changes...[39m
[32m[nodemon] starting `node src/app.js`[39m
✅ MongoDB Connected: ac-wnmaqaq-shard-00-00.ixzl0lp.mongodb.net
🚀 Server running on port 3001
[32m[nodemon] restarting due to changes...[39m
[32m[nodemon] starting `node src/app.js`[39m
✅ MongoDB Connected: ac-wnmaqaq-shard-00-02.ixzl0lp.mongodb.net
🚀 Server running on port 3001
[API] GET /api/admin/jobs
[API] GET /api/admin/jobs
[API] GET /api/admin/jobs
[API] GET /api/admin/jobs
[API] GET /api/admin/jobs
[API] GET /api/admin/jobs
[API] GET /api/admin/jobs
[API] GET /api/admin/jobs
[API] GET /api/admin/jobs
[API] GET /api/admin/jobs
[API] GET /api/admin/jobs
[API] GET /api/admin/jobs
[API] GET /api/admin/jobs
[API] GET /api/admin/jobs
[API] GET /api/admin/jobs
[API] GET /api/admin/jobs
[API] GET /api/admin/jobs
[API] GET /api/admin/jobs
[API] GET /api/admin/jobs
[API] GET /api/admin/jobs
[API] GET /api/admin/jobs
[API] GET /api/admin/jobs
[API] GET /api/admin/jobs
[API] GET /api/admin/jobs
[API] GET /api/admin/jobs
[API] GET /api/admin/jobs
[API] GET /api/admin/jobs
[API] GET /api/admin/jobs
[API] GET /api/admin/jobs
[API] GET /api/admin/jobs
[API] GET /api/admin/jobs
[API] GET /api/admin/jobs
[API] GET /api/admin/jobs
[API] GET /api/admin/jobs
[API] GET /api/admin/jobs
[API] GET /api/admin/jobs
[API] GET /api/admin/jobs
[API] GET /api/admin/jobs
[API] GET /api/admin/jobs
[API] GET /api/admin/jobs
[API] GET /api/admin/jobs
[API] GET /api/admin/jobs
[API] GET /api/admin/jobs
[API] GET /api/admin/jobs
[API] GET /api/admin/jobs
[API] GET /api/admin/jobs
[API] GET /api/admin/jobs
[API] GET /api/admin/jobs
[API] GET /api/admin/jobs
[API] GET /api/admin/jobs
[API] GET /api/admin/jobs
[API] GET /api/admin/jobs
[API] GET /api/admin/jobs
[API] GET /api/admin/jobs
[API] GET /api/admin/jobs
[API] GET /api/admin/jobs
[API] GET /api/admin/jobs
[API] GET /api/admin/jobs
[API] GET /api/admin/jobs
[API] GET /api/admin/jobs
[API] GET /api/admin/jobs
[API] GET /api/admin/jobs
[API] GET /api/admin/jobs
[API] GET /api/admin/jobs
[API] GET /api/admin/jobs
[API] GET /api/admin/jobs
[API] GET /api/admin/jobs
[API] GET /api/admin/jobs
[API] GET /api/admin/jobs
[API] GET /api/admin/jobs
[API] GET /api/admin/jobs
[API] GET /api/admin/jobs
[API] GET /api/admin/jobs
[API] GET /api/admin/jobs
[API] GET /api/admin/jobs
[API] GET /api/admin/jobs
[API] GET /api/admin/jobs
[API] GET /api/admin/jobs
[API] GET /api/admin/jobs
[API] GET /api/admin/jobs
[API] GET /api/admin/jobs
[API] GET /api/admin/jobs
[API] GET /api/admin/jobs
[API] GET /api/admin/jobs
[API] GET /api/admin/jobs
[API] GET /api/admin/jobs
[API] GET /api/admin/jobs
[API] GET /api/admin/jobs
[API] GET /api/admin/jobs
[API] GET /api/admin/jobs
[API] GET /api/admin/jobs
[API] GET /api/admin/jobs
[API] GET /api/admin/jobs
[API] GET /api/admin/jobs
[API] GET /api/admin/jobs
[API] GET /api/admin/jobs
[API] GET /api/admin/jobs
[API] GET /api/admin/jobs
[API] GET /api/admin/jobs
[API] GET /api/admin/jobs
[API] GET /api/admin/jobs
[API] GET /api/admin/jobs
[API] GET /api/admin/jobs
[API] GET /api/admin/jobs
[API] GET /api/admin/jobs
[API] GET /api/admin/jobs
[API] GET /api/admin/jobs
[API] GET /api/admin/jobs
[API] GET /api/admin/jobs
[API] GET /api/admin/jobs
[API] GET /api/admin/jobs
[API] GET /api/admin/jobs
[API] GET /api/admin/jobs
[API] GET /api/admin/jobs
[API] GET /api/admin/jobs
[API] GET /api/admin/jobs
[API] GET /api/admin/jobs
[API] GET /api/admin/jobs
[API] GET /api/admin/jobs
[API] GET /api/admin/jobs
[API] GET /api/admin/jobs
[API] GET /api/admin/jobs
[API] GET /api/admin/jobs
[API] GET /api/admin/jobs
[API] GET /api/admin/jobs
[API] GET /api/admin/jobs
[API] GET /api/admin/jobs
[API] GET /api/admin/jobs
[API] GET /api/admin/jobs
[API] GET /api/admin/jobs
[API] GET /api/admin/jobs
[API] GET /api/admin/jobs
[API] GET /api/admin/jobs
[API] GET /api/admin/jobs
[API] GET /api/admin/jobs
[API] GET /api/admin/jobs
[API] GET /api/admin/jobs
[API] GET /api/admin/jobs
[API] GET /api/admin/jobs
[API] GET /api/admin/jobs
[API] GET /api/admin/jobs
[API] GET /api/admin/jobs
[API] GET /api/admin/jobs
[API] GET /api/admin/jobs
[API] GET /api/admin/jobs
[API] GET /api/admin/jobs
[API] GET /api/admin/jobs
[API] GET /api/admin/jobs
[API] GET /api/admin/jobs
[API] GET /api/admin/jobs
[API] GET /api/admin/jobs
[API] GET /api/admin/jobs
[API] GET /api/admin/jobs
[API] GET /api/admin/jobs
[API] GET /api/admin/jobs
[API] GET /api/admin/jobs
[API] GET /api/admin/jobs
[API] GET /api/admin/jobs
[API] GET /api/admin/jobs
[API] GET /api/admin/jobs
[API] GET /api/admin/jobs
[API] GET /api/admin/jobs
[API] GET /api/admin/jobs
[API] GET /api/admin/jobs
[API] GET /api/admin/jobs
[API] GET /api/admin/jobs
[API] GET /api/admin/jobs
[API] GET /api/admin/jobs
[API] GET /api/admin/jobs
[API] GET /api/admin/jobs
[API] GET /api/admin/jobs
[API] GET /api/admin/jobs
[API] GET /api/admin/jobs
[API] GET /api/admin/jobs
[API] GET /api/admin/jobs
[API] GET /api/admin/jobs
[API] GET /api/admin/jobs
[API] GET /api/admin/jobs
[API] GET /api/admin/jobs
[API] GET /api/admin/jobs
[API] GET /api/admin/jobs
[API] GET /api/admin/jobs
[API] GET /api/admin/jobs
[API] GET /api/admin/jobs
[API] GET /api/admin/jobs
[API] GET /api/admin/jobs
[API] GET /api/admin/jobs
[API] GET /api/admin/jobs
[API] GET /api/admin/jobs
[API] GET /api/admin/jobs
[API] GET /api/admin/jobs
[API] GET /api/admin/jobs
[API] GET /api/admin/jobs
[API] GET /api/admin/jobs
[API] GET /api/admin/jobs
[API] GET /api/admin/jobs
[API] GET /api/admin/jobs
[API] GET /api/admin/jobs
[API] GET /api/admin/jobs
